rv Version 3.5                        Wed Oct  1 16:24:06 2025
Zach Mascetta

Header
R
C

Loc   Code
0000  0181a283 
0004  01c1a383 
0008  08028000 
000c  02000000 
0010  08038000 
0014  00000000 
0018  80000001 
001c  12345fff 
======================================================= Output
80000001
12345fff
=========================================== Program statistics
Input file name       = c02q12.bin
Instructions executed = 6 (decimal)
Program size          = 20 (hex) 32 (decimal)
Load point            = 0 (hex) 0 (decimal)
Programmer            = Zach Mascetta
