rv Version 3.5                        Wed Oct  1 17:58:14 2025
Zach Mascetta

Header
R
C

Loc   Code
0000  0e000280 
0004  0e000380 
0008  0053e663 
000c  04038000 
0010  00000000 
0014  04028000 
0018  00000000 
======================================================= Output
1234
5
1234
=========================================== Program statistics
Input file name       = c02q16.bin
Instructions executed = 5 (decimal)
Program size          = 1c (hex) 28 (decimal)
Load point            = 0 (hex) 0 (decimal)
Programmer            = Zach Mascetta
