rv Version 3.5                        Wed Oct  1 19:05:34 2025
Zach Mascetta

Header
R
C

Loc   Code
0000  0e000280 
0004  fff2c313 
0008  00130313 
000c  04030000 
0010  00000000 
======================================================= Output
5
-5
=========================================== Program statistics
Input file name       = c02q18.bin
Instructions executed = 5 (decimal)
Program size          = 14 (hex) 20 (decimal)
Load point            = 0 (hex) 0 (decimal)
Programmer            = Zach Mascetta
