rv Version 3.5                        Wed Oct  1 18:35:54 2025
Zach Mascetta

Header
R
C

Loc   Code
0000  0e000280 
0004  00129313 
0008  00229393 
000c  006282b3 
0010  007282b3 
0014  04028000 
0018  00000000 
======================================================= Output
7
49
=========================================== Program statistics
Input file name       = c02q17.bin
Instructions executed = 7 (decimal)
Program size          = 1c (hex) 28 (decimal)
Load point            = 0 (hex) 0 (decimal)
Programmer            = Zach Mascetta
