rv Version 3.5                        Wed Oct  1 16:09:28 2025
Zach Mascetta

Header
R
C

Loc   Code
0000  800002b7 
0004  00128293 
0008  123453b7 
000c  fff38393 
0010  08028000 
0014  02000000 
0018  08038000 
001c  00000000 
======================================================= Output
80000001
12344fff
=========================================== Program statistics
Input file name       = c02q11.bin
Instructions executed = 8 (decimal)
Program size          = 20 (hex) 32 (decimal)
Load point            = 0 (hex) 0 (decimal)
Programmer            = Zach Mascetta
