rv Version 3.5                        Mon Sep 29 15:44:17 2025
Zach Mascetta

Header
R
C

Loc   Code
0000  fff00293 
0004  f3828293 
0008  e0c28293 
000c  04028000 
0010  02000000 
0014  08028000 
0018  00000000 
======================================================= Output
-701
fffffd43
=========================================== Program statistics
Input file name       = c02q02.bin
Instructions executed = 7 (decimal)
Program size          = 1c (hex) 28 (decimal)
Load point            = 0 (hex) 0 (decimal)
Programmer            = Zach Mascetta
