rv Version 3.5                        Tue Sep 30 15:16:45 2025
Zach Mascetta

Header
R
C

Loc   Code
0000  00100293 
0004  00000313 
0008  00000393 
000c  00f00e13 
0010  00530333 
0014  00138393 
0018  00228293 
001c  ffc3eae3 
0020  04030000 
0024  02000000 
0028  00000000 
======================================================= Output
225

=========================================== Program statistics
Input file name       = c02q06.bin
Instructions executed = 67 (decimal)
Program size          = 2c (hex) 44 (decimal)
Load point            = 0 (hex) 0 (decimal)
Programmer            = Zach Mascetta
