rv Version 3.5                        Sat Oct  4 14:22:31 2025
Zach Mascetta

Header
R
A 00000040
A 0000005c
C

Loc     Code         Source Code
               # Write and run an assembly language program that
               # Test your program by entering, 3, 100, -30, -50

               # t0 = current number
               # t1 = highest number
               # t2 = count
               # t3 = prompt
               # t4 = largest num. label


0000  00900393                 addi t2, x0, 9         # init cou
0004  0401ae03                 lw t3, aprompt          # init pr
0008  05c1ae83                 lw t4, alabel           # init nu
000c  0c0e0000                 sout t3                 # prompt 
0010  0e000280                 din t0                  # input n
0014  00028313                 addi t1, t0, 0          # set ini


0018  0c0e0000 loop:           sout t3                 # prompt 
001c  0e000280                 din t0                  # input n
0020  00534c63                 blt t1, t0, update_num  # branch 

0024  fff38393 update_count:   addi t2, t2, -1         # decreme
0028  fe7018e3                 bne x0, t2, loop        # loop

002c  0c0e8000                 sout t4                 # print l
0030  04030000                 dout t1                 # print l
0034  00000000                 halt                    # end pro

0038  00028313 update_num:     addi t1, t0, 0              # upd
003c  fe9ff0ef                 jal ra, update_count





0040  00000044 aprompt:    .word   prompt
0044  61656c50 prompt:     .asciz  "Please enter a number: "
0048  65206573
004c  7265746e
0050  6e206120
0054  65626d75
0058  00203a72

005c  00000060 alabel:     .word   label
0060  6772614c label:      .asciz  "Largest number: "
0064  20747365
0068  626d756e
006c  203a7265
0070  00000000
======================================================= Output
Please enter a number: 3
Please enter a number: 100
Please enter a number: -30
Please enter a number: -50
Please enter a number: 101
Please enter a number: 99
Please enter a number: 0
Please enter a number: -1
Please enter a number: 5
Please enter a number: 77
Largest number: 101
=========================================== Program statistics
Input file name       = c03q06.a
Instructions executed = 58 (decimal)
Program size          = 74 (hex) 116 (decimal)
Load point            = 0 (hex) 0 (decimal)
Programmer            = Zach Mascetta
